0 info it worked if it ends with ok
1 verbose cli [ 'C:\\Program Files\\nodejs\\node.exe',
1 verbose cli   'C:\\Users\\dwee4_000\\AppData\\Roaming\\npm\\node_modules\\npm\\bin\\npm-cli.js',
1 verbose cli   'start' ]
2 info using npm@3.7.2
3 info using node@v4.2.4
4 verbose run-script [ 'prestart', 'start', 'poststart' ]
5 info lifecycle root@1.0.0~prestart: root@1.0.0
6 silly lifecycle root@1.0.0~prestart: no script for prestart, continuing
7 info lifecycle root@1.0.0~start: root@1.0.0
8 verbose lifecycle root@1.0.0~start: unsafe-perm in lifecycle true
9 verbose lifecycle root@1.0.0~start: PATH: C:\Users\dwee4_000\AppData\Roaming\npm\node_modules\npm\bin\node-gyp-bin;C:\Users\dwee4_000\Documents\Root\Server\rootDb\node_modules\.bin;C:\Program Files\nodejs;C:\Users\dwee4_000\AppData\Local\GitHub\PortableGit_c7e0cbde92ba565cb218a521411d0e854079a28c\cmd;C:\Users\dwee4_000\AppData\Local\GitHub\PortableGit_c7e0cbde92ba565cb218a521411d0e854079a28c\usr\bin;C:\Users\dwee4_000\AppData\Local\GitHub\PortableGit_c7e0cbde92ba565cb218a521411d0e854079a28c\usr\share\git-tfs;C:\Users\dwee4_000\AppData\Local\Apps\2.0\6TGV0OG9.9O3\6Y0Y868N.AQT\gith..tion_317444273a93ac29_0003.0000_f3a9f44c4e4f6514;C:\Users\dwee4_000\AppData\Local\GitHub\lfs-amd64_1.0.2;C:\windows\Microsoft.NET\Framework\v4.0.30319;C:\Program Files (x86)\NVIDIA Corporation\PhysX\Common;C:\ProgramData\Oracle\Java\javapath;C:\Program Files (x86)\Lenovo\FusionEngine;C:\Program Files (x86)\Intel\iCLS Client\;C:\Program Files\Intel\iCLS Client\;C:\windows\system32;C:\windows;C:\windows\System32\Wbem;C:\windows\System32\WindowsPowerShell\v1.0\;C:\Program Files\Intel\Intel(R) Management Engine Components\DAL;C:\Program Files\Intel\Intel(R) Management Engine Components\IPT;C:\Program Files (x86)\Intel\Intel(R) Management Engine Components\DAL;C:\Program Files (x86)\Intel\Intel(R) Management Engine Components\IPT;C:\Program Files (x86)\Lenovo\Motion Control\;C:\Program Files (x86)\Common Files\lenovo\easyplussdk\bin;C:\Program Files\apache-maven-3.3.3\bin;C:\Program Files\MiKTeX 2.9\miktex\bin\x64\;C:\Program Files (x86)\Windows Live\Shared;C:\Program Files\Intel\WiFi\bin\;C:\Program Files\Common Files\Intel\WirelessCommon\;C:\Program Files\MATLAB\R2015a\runtime\win64;C:\Program Files\MATLAB\R2015a\bin;C:\Program Files\nodejs\;C:\Program Files (x86)\Skype\Phone\;C:\Program Files\Intel\WiFi\bin\;C:\Program Files\Common Files\Intel\WirelessCommon\;C:\Python;C:\Users\dwee4_000\AppData\Roaming\npm; C:\Users\dwee4_000\Downloads\cmake-3.4.3-win32-x86\bin;C:\Users\dwee4_000\AppData\ChromeDriver
10 verbose lifecycle root@1.0.0~start: CWD: C:\Users\dwee4_000\Documents\Root\Server\rootDb
11 silly lifecycle root@1.0.0~start: Args: [ '/d /s /c', 'node app.js' ]
12 silly lifecycle root@1.0.0~start: Returned: code: 1  signal: null
13 info lifecycle root@1.0.0~start: Failed to exec start script
14 verbose stack Error: root@1.0.0 start: `node app.js`
14 verbose stack Exit status 1
14 verbose stack     at EventEmitter.<anonymous> (C:\Users\dwee4_000\AppData\Roaming\npm\node_modules\npm\lib\utils\lifecycle.js:239:16)
14 verbose stack     at emitTwo (events.js:87:13)
14 verbose stack     at EventEmitter.emit (events.js:172:7)
14 verbose stack     at ChildProcess.<anonymous> (C:\Users\dwee4_000\AppData\Roaming\npm\node_modules\npm\lib\utils\spawn.js:24:14)
14 verbose stack     at emitTwo (events.js:87:13)
14 verbose stack     at ChildProcess.emit (events.js:172:7)
14 verbose stack     at maybeClose (internal/child_process.js:818:16)
14 verbose stack     at Process.ChildProcess._handle.onexit (internal/child_process.js:211:5)
15 verbose pkgid root@1.0.0
16 verbose cwd C:\Users\dwee4_000\Documents\Root\Server\rootDb
17 error Windows_NT 6.3.9600
18 error argv "C:\\Program Files\\nodejs\\node.exe" "C:\\Users\\dwee4_000\\AppData\\Roaming\\npm\\node_modules\\npm\\bin\\npm-cli.js" "start"
19 error node v4.2.4
20 error npm  v3.7.2
21 error code ELIFECYCLE
22 error root@1.0.0 start: `node app.js`
22 error Exit status 1
23 error Failed at the root@1.0.0 start script 'node app.js'.
23 error Make sure you have the latest version of node.js and npm installed.
23 error If you do, this is most likely a problem with the root package,
23 error not with npm itself.
23 error Tell the author that this fails on your system:
23 error     node app.js
23 error You can get information on how to open an issue for this project with:
23 error     npm bugs root
23 error Or if that isn't available, you can get their info via:
23 error     npm owner ls root
23 error There is likely additional logging output above.
24 verbose exit [ 1, true ]
